<?xml version="1.0" encoding="UTF-8"?>
<testng-results skipped="0" failed="0" ignored="0" total="1" passed="1">
  <reporter-output>
  </reporter-output>
  <suite name="Default suite" duration-ms="27586" started-at="2021-04-17T13:23:11 IST" finished-at="2021-04-17T13:23:38 IST">
    <groups>
    </groups>
    <test name="Default test" duration-ms="27586" started-at="2021-04-17T13:23:11 IST" finished-at="2021-04-17T13:23:38 IST">
      <class name="test.FlightTest">
        <test-method status="PASS" signature="logontest()[pri:0, instance:test.FlightTest@4f970963]" name="logontest" duration-ms="27513" started-at="2021-04-17T13:23:11 IST" finished-at="2021-04-17T13:23:38 IST">
          <reporter-output>
          </reporter-output>
        </test-method> <!-- logontest -->
      </class> <!-- test.FlightTest -->
    </test> <!-- Default test -->
  </suite> <!-- Default suite -->
</testng-results>
